This is pdfTeX, Version 3.14159265-2.6-1.40.20 (MiKTeX 2.9.6980) (preloaded format=pdflatex 2019.2.20)  21 FEB 2019 06:10
entering extended mode
**./report.tex
(report.tex
LaTeX2e <2018-12-01>
(IEEEtran.cls
Document Class: IEEEtran 2012/12/27 V1.8 by Michael Shell
-- See the "IEEEtran_HOWTO" manual for usage information.
-- http://www.michaelshell.org/tex/ieeetran/
\@IEEEtrantmpdimenA=\dimen102
\@IEEEtrantmpdimenB=\dimen103
\@IEEEtrantmpcountA=\count80
\@IEEEtrantmpcountB=\count81
\@IEEEtrantmptoksA=\toks14
-- Using IEEE Computer Society mode.
LaTeX Font Info:    Try loading font information for OT1+ppl on input line 368.

(/usr/local/share/miktex-texmf/tex/latex/psnfss/ot1ppl.fd
File: ot1ppl.fd 2001/06/04 font definitions for OT1/ppl.
)
-- Using 8.5in x 11in (letter) paper.
-- Using PDF output.
\@IEEEnormalsizeunitybaselineskip=\dimen104
-- This is an 11 point document.
\CLASSINFOnormalsizebaselineskip=\dimen105
\CLASSINFOnormalsizeunitybaselineskip=\dimen106
\IEEEnormaljot=\dimen107
LaTeX Font Info:    Font shape `OT1/ppl/bx/n' in size <6> not available
(Font)              Font shape `OT1/ppl/b/n' tried instead on input line 726.
LaTeX Font Info:    Font shape `OT1/ppl/bx/it' in size <6> not available
(Font)              Font shape `OT1/ppl/b/it' tried instead on input line 726.
LaTeX Font Info:    Font shape `OT1/ppl/bx/n' in size <8> not available
(Font)              Font shape `OT1/ppl/b/n' tried instead on input line 726.
LaTeX Font Info:    Font shape `OT1/ppl/bx/it' in size <8> not available
(Font)              Font shape `OT1/ppl/b/it' tried instead on input line 726.
LaTeX Font Info:    Font shape `OT1/ppl/bx/n' in size <9> not available
(Font)              Font shape `OT1/ppl/b/n' tried instead on input line 726.
LaTeX Font Info:    Font shape `OT1/ppl/bx/it' in size <9> not available
(Font)              Font shape `OT1/ppl/b/it' tried instead on input line 726.
LaTeX Font Info:    Font shape `OT1/ppl/bx/n' in size <10> not available
(Font)              Font shape `OT1/ppl/b/n' tried instead on input line 726.
LaTeX Font Info:    Font shape `OT1/ppl/bx/it' in size <10> not available
(Font)              Font shape `OT1/ppl/b/it' tried instead on input line 726.
LaTeX Font Info:    Font shape `OT1/ppl/bx/n' in size <11> not available
(Font)              Font shape `OT1/ppl/b/n' tried instead on input line 726.
LaTeX Font Info:    Font shape `OT1/ppl/bx/it' in size <11> not available
(Font)              Font shape `OT1/ppl/b/it' tried instead on input line 726.
LaTeX Font Info:    Font shape `OT1/ppl/bx/n' in size <12> not available
(Font)              Font shape `OT1/ppl/b/n' tried instead on input line 726.
LaTeX Font Info:    Font shape `OT1/ppl/bx/it' in size <12> not available
(Font)              Font shape `OT1/ppl/b/it' tried instead on input line 726.
LaTeX Font Info:    Font shape `OT1/ppl/bx/n' in size <17> not available
(Font)              Font shape `OT1/ppl/b/n' tried instead on input line 726.
LaTeX Font Info:    Font shape `OT1/ppl/bx/it' in size <17> not available
(Font)              Font shape `OT1/ppl/b/it' tried instead on input line 726.
LaTeX Font Info:    Font shape `OT1/ppl/bx/n' in size <20> not available
(Font)              Font shape `OT1/ppl/b/n' tried instead on input line 726.
LaTeX Font Info:    Font shape `OT1/ppl/bx/it' in size <20> not available
(Font)              Font shape `OT1/ppl/b/it' tried instead on input line 726.
LaTeX Font Info:    Font shape `OT1/ppl/bx/n' in size <24> not available
(Font)              Font shape `OT1/ppl/b/n' tried instead on input line 726.
LaTeX Font Info:    Font shape `OT1/ppl/bx/it' in size <24> not available
(Font)              Font shape `OT1/ppl/b/it' tried instead on input line 726.
\IEEEilabelindentA=\dimen108
\IEEEilabelindentB=\dimen109
\IEEEilabelindent=\dimen110
\IEEEelabelindent=\dimen111
\IEEEdlabelindent=\dimen112
\IEEElabelindent=\dimen113
\IEEEiednormlabelsep=\dimen114
\IEEEiedmathlabelsep=\dimen115
\IEEEiedtopsep=\skip41
\c@section=\count82
\c@subsection=\count83
\c@subsubsection=\count84
\c@paragraph=\count85
\c@IEEEsubequation=\count86
\abovecaptionskip=\skip42
\belowcaptionskip=\skip43
\c@figure=\count87
\c@table=\count88
\@IEEEeqnnumcols=\count89
\@IEEEeqncolcnt=\count90
\@IEEEsubeqnnumrollback=\count91
\@IEEEtmpitemindent=\dimen116
\c@IEEEbiography=\count92
\@IEEEtranrubishbin=\box27
) (/usr/local/share/miktex-texmf/tex/latex/amsmath/amsmath.sty
Package: amsmath 2018/12/01 v2.17b AMS math features
\@mathmargin=\skip44

For additional information on amsmath, use the `?' option.
(/usr/local/share/miktex-texmf/tex/latex/amsmath/amstext.sty
Package: amstext 2000/06/29 v2.01 AMS text

(/usr/local/share/miktex-texmf/tex/latex/amsmath/amsgen.sty
File: amsgen.sty 1999/11/30 v2.0 generic functions
\@emptytoks=\toks15
\ex@=\dimen117
))
(/usr/local/share/miktex-texmf/tex/latex/amsmath/amsbsy.sty
Package: amsbsy 1999/11/29 v1.2d Bold Symbols
\pmbraise@=\dimen118
)
(/usr/local/share/miktex-texmf/tex/latex/amsmath/amsopn.sty
Package: amsopn 2016/03/08 v2.02 operator names
)
\inf@bad=\count93
LaTeX Info: Redefining \frac on input line 223.
\uproot@=\count94
\leftroot@=\count95
LaTeX Info: Redefining \overline on input line 385.
\classnum@=\count96
\DOTSCASE@=\count97
LaTeX Info: Redefining \ldots on input line 482.
LaTeX Info: Redefining \dots on input line 485.
LaTeX Info: Redefining \cdots on input line 606.
\Mathstrutbox@=\box28
\strutbox@=\box29
\big@size=\dimen119
LaTeX Font Info:    Redeclaring font encoding OML on input line 729.
LaTeX Font Info:    Redeclaring font encoding OMS on input line 730.
\macc@depth=\count98
\c@MaxMatrixCols=\count99
\dotsspace@=\muskip10
\c@parentequation=\count100
\dspbrk@lvl=\count101
\tag@help=\toks16
\row@=\count102
\column@=\count103
\maxfields@=\count104
\andhelp@=\toks17
\eqnshift@=\dimen120
\alignsep@=\dimen121
\tagshift@=\dimen122
\tagwidth@=\dimen123
\totwidth@=\dimen124
\lineht@=\dimen125
\@envbody=\toks18
\multlinegap=\skip45
\multlinetaggap=\skip46
\mathdisplay@stack=\toks19
LaTeX Info: Redefining \[ on input line 2844.
LaTeX Info: Redefining \] on input line 2845.
)
(/usr/local/share/miktex-texmf/tex/latex/cite/cite.sty
LaTeX Info: Redefining \cite on input line 302.
LaTeX Info: Redefining \nocite on input line 332.
Package: cite 2015/02/27  v 5.5
) (notation.sty
(/usr/local/share/miktex-texmf/tex/latex/tools/bm.sty
Package: bm 2017/01/16 v1.2c Bold Symbol Support (DPC/FMi)
\symboldoperators=\mathgroup4
\symboldletters=\mathgroup5
\symboldsymbols=\mathgroup6
LaTeX Font Info:    Redeclaring math alphabet \mathbf on input line 141.
LaTeX Info: Redefining \bm on input line 207.
)
(/usr/local/share/miktex-texmf/tex/latex/bbm/bbm.sty
Package: bbm 1999/03/15 V 1.2 provides fonts for set symbols - TH
LaTeX Font Info:    Overwriting math alphabet `\mathbbm' in version `bold'
(Font)                  U/bbm/m/n --> U/bbm/bx/n on input line 33.
LaTeX Font Info:    Overwriting math alphabet `\mathbbmss' in version `bold'
(Font)                  U/bbmss/m/n --> U/bbmss/bx/n on input line 35.
)
(/usr/local/share/miktex-texmf/tex/latex/amsfonts/amsfonts.sty
Package: amsfonts 2013/01/14 v3.01 Basic AMSFonts support
\symAMSa=\mathgroup7
\symAMSb=\mathgroup8
LaTeX Font Info:    Overwriting math alphabet `\mathfrak' in version `bold'
(Font)                  U/euf/m/n --> U/euf/b/n on input line 106.
)
(/usr/local/share/miktex-texmf/tex/latex/amsfonts/amssymb.sty
Package: amssymb 2013/01/14 v3.01 AMS font symbols
)
(/usr/local/share/miktex-texmf/tex/latex/tools/xspace.sty
Package: xspace 2014/10/28 v1.13 Space after command names (DPC,MH)
)
(/usr/local/share/miktex-texmf/tex/latex/amsfonts/eucal.sty
Package: eucal 2009/06/22 v3.00 Euler Script fonts
LaTeX Font Info:    Overwriting math alphabet `\EuScript' in version `bold'
(Font)                  U/eus/m/n --> U/eus/b/n on input line 33.
)) (report.aux)
\openout1 = `report.aux'.

LaTeX Font Info:    Checking defaults for OML/cmm/m/it on input line 6.
LaTeX Font Info:    ... okay on input line 6.
LaTeX Font Info:    Checking defaults for T1/cmr/m/n on input line 6.
LaTeX Font Info:    ... okay on input line 6.
LaTeX Font Info:    Checking defaults for OT1/cmr/m/n on input line 6.
LaTeX Font Info:    ... okay on input line 6.
LaTeX Font Info:    Checking defaults for OMS/cmsy/m/n on input line 6.
LaTeX Font Info:    ... okay on input line 6.
LaTeX Font Info:    Checking defaults for OMX/cmex/m/n on input line 6.
LaTeX Font Info:    ... okay on input line 6.
LaTeX Font Info:    Checking defaults for U/cmr/m/n on input line 6.
LaTeX Font Info:    ... okay on input line 6.
LaTeX Font Info:    Try loading font information for OT1+phv on input line 33.

(/usr/local/share/miktex-texmf/tex/latex/psnfss/ot1phv.fd
File: ot1phv.fd 2001/06/04 scalable font definitions for OT1/phv.
)
LaTeX Font Info:    Font shape `OT1/phv/bx/n' in size <9> not available
(Font)              Font shape `OT1/phv/b/n' tried instead on input line 33.
LaTeX Font Info:    Try loading font information for U+msa on input line 33.

(/usr/local/share/miktex-texmf/tex/latex/amsfonts/umsa.fd
File: umsa.fd 2013/01/14 v3.01 AMS symbols A
)
LaTeX Font Info:    Try loading font information for U+msb on input line 33.

(/usr/local/share/miktex-texmf/tex/latex/amsfonts/umsb.fd
File: umsb.fd 2013/01/14 v3.01 AMS symbols B
)
LaTeX Font Info:    Try loading font information for U+pzd on input line 33.

(/usr/local/share/miktex-texmf/tex/latex/psnfss/upzd.fd
File: upzd.fd 2001/06/04 font definitions for U/pzd.
)
Underfull \hbox (badness 10000) in paragraph at lines 33--33
[]\OT1/ppl/m/it/9 Philip Raeisghasem is with Louisiana Tech University,
 []

LaTeX Font Info:    Font shape `OT1/phv/bx/n' in size <12> not available
(Font)              Font shape `OT1/phv/b/n' tried instead on input line 38.
LaTeX Font Info:    Font shape `OT1/phv/bx/sc' in size <12> not available
(Font)              Font shape `OT1/phv/b/sc' tried instead on input line 38.

Underfull \hbox (badness 1558) in paragraph at lines 39--40
[]\OT1/ppl/m/sc/11 einforcement \OT1/ppl/m/n/11 learning is a paradigm of
 []


Underfull \hbox (badness 1990) in paragraph at lines 39--40
\OT1/ppl/m/n/11 within an environment to achieve some goal.
 []


Underfull \hbox (badness 1789) in paragraph at lines 39--40
\OT1/ppl/m/n/11 learning, this feedback is not in the form of
 []


Underfull \hbox (badness 3907) in paragraph at lines 39--40
\OT1/ppl/m/n/11 to directly compare the model's performance
 []


Underfull \hbox (badness 8113) in paragraph at lines 41--42
[]\OT1/ppl/m/n/11 This difference in feedback mechanism is
 []


Underfull \hbox (badness 3930) in paragraph at lines 41--42
\OT1/ppl/m/n/11 important for allowing reinforcement learning
 []


Underfull \hbox (badness 1968) in paragraph at lines 41--42
\OT1/ppl/m/n/11 only specify the reward function for a given
 []

LaTeX Font Info:    Calculating math sizes for size <11> on input line 47.
[1{/home/phil/.miktex/texmfs/data/pdftex/config/pdftex.map}


]
Underfull \hbox (badness 4001) in paragraph at lines 49--50
\OT1/ppl/m/n/11 tractable, and we compare their effectiveness
 []


Underfull \hbox (badness 10000) in paragraph at lines 51--52
\OT1/ppl/m/n/11 by random network distillation (RND) as
 []


Underfull \hbox (badness 4132) in paragraph at lines 51--52
\OT1/ppl/m/n/11 when combined with the (potentially sparse)
 []

LaTeX Font Info:    Font shape `OT1/phv/bx/n' in size <11> not available
(Font)              Font shape `OT1/phv/b/n' tried instead on input line 56.
LaTeX Font Info:    Try loading font information for U+eus on input line 57.
(/usr/local/share/miktex-texmf/tex/latex/amsfonts/ueus.fd
File: ueus.fd 2013/01/14 v3.01 Euler Script
)
Underfull \hbox (badness 10000) in paragraph at lines 59--65

 []


Underfull \hbox (badness 10000) in paragraph at lines 59--65

 []


Underfull \hbox (badness 1502) in paragraph at lines 59--65
\OT1/ppl/m/n/11 where $\OML/cmm/m/it/10.95 G[]$ \OT1/ppl/m/n/11 is called the r
eturn at time $\OML/cmm/m/it/10.95 t$\OT1/ppl/m/n/11 . The
 []


Underfull \hbox (badness 1859) in paragraph at lines 59--65
\OT1/ppl/m/n/11 expectation is taken with respect to both the
 []


Underfull \hbox (badness 3428) in paragraph at lines 66--67
\OT1/ppl/m/n/11 Observed Markov Decision Process (POMDP),
 []


Underfull \hbox (badness 5119) in paragraph at lines 66--67
\OT1/ppl/m/n/11 wherein an agent doesn't necessarily receive
 []


Underfull \hbox (badness 4699) in paragraph at lines 66--67
\OT1/ppl/m/n/11 complete information about the state of the
 []


Underfull \hbox (badness 2310) in paragraph at lines 69--72
\OT1/ppl/m/n/11 constructions in game theory called stochastic
 []


Underfull \hbox (badness 2376) in paragraph at lines 69--72
\OT1/ppl/m/n/11 games [12]. We consider a partially observed
 []


Underfull \hbox (badness 10000) in paragraph at lines 69--72

 []


Underfull \hbox (badness 10000) in paragraph at lines 69--72

 []

[2]
Underfull \hbox (badness 2261) in paragraph at lines 73--74
[]\OT1/ppl/m/n/11 There are several ways to classify different
 []


Underfull \hbox (badness 1661) in paragraph at lines 73--74
\OT1/ppl/m/n/11 player, zero-sum games like chess and go. A
 []


Underfull \hbox (badness 1360) in paragraph at lines 75--76
\OT1/ppl/m/n/11 according to how much information is shared
 []


Underfull \hbox (badness 4168) in paragraph at lines 75--76
\OT1/ppl/m/n/11 independent learners [13] [14] [15], when no
 []


Underfull \hbox (badness 1533) in paragraph at lines 75--76
\OT1/ppl/m/n/11 other agent's model/policy parameters [16]. A
 []


Underfull \hbox (badness 2237) in paragraph at lines 80--81
\OT1/ppl/m/n/11 do exist that can find optimal agent policies
 []


Underfull \hbox (badness 3098) in paragraph at lines 80--81
\OT1/ppl/m/n/11 often too complex to be solved without the
 []


Underfull \hbox (badness 2495) in paragraph at lines 82--83
\OT1/ppl/m/n/11 reinforcement learning up to high-dimensional
 []

(report.bbl
Underfull \hbox (badness 1796) in paragraph at lines 4--6
[]\OT1/ppl/m/n/9 Y. Burda, H. Edwards, A. Storkey, and O. Klimov,
 []


Underfull \hbox (badness 10000) in paragraph at lines 14--17
\OT1/ppl/m/n/9 ``Intrinsic motivation and automatic curricula via
 []


Underfull \hbox (badness 10000) in paragraph at lines 19--22
\OT1/ppl/m/n/9 ``Curiosity-driven exploration by self-supervised
 []


Underfull \hbox (badness 1776) in paragraph at lines 24--28
\OT1/ppl/m/n/9 Y. Duan, J. Schulman, F. D. Turck, and P. Abbeel,
 []


Underfull \hbox (badness 2096) in paragraph at lines 30--34
[]\OT1/ppl/m/n/9 J. Z. Leibo, J. P[]erolat, E. Hughes, S. Wheelwright,
 []


Underfull \hbox (badness 4328) in paragraph at lines 36--39
\OT1/ppl/m/n/9 coordinated exploration in concurrent reinforcement
 []


Underfull \hbox (badness 10000) in paragraph at lines 41--44
\OT1/ppl/m/n/9 methods for deep reinforcement learning,'' \OT1/ppl/m/it/9 CoRR\
OT1/ppl/m/n/9 ,
 []


Underfull \hbox (badness 1484) in paragraph at lines 46--48
[]\OT1/ppl/m/n/9 S. Hochreiter and J. Schmidhuber, ``Long short-term
 []


Underfull \hbox (badness 2726) in paragraph at lines 50--55
\OT1/ppl/m/n/9 M. G. Bellemare, A. Graves, M. Riedmiller, A. K.
 []


Underfull \hbox (badness 1668) in paragraph at lines 61--63
[]\OT1/ppl/m/n/9 L. S. Shapley, ``Stochastic games,'' \OT1/ppl/m/it/9 Proceedin
gs of the
 []


Underfull \hbox (badness 3838) in paragraph at lines 65--68
[]\OT1/ppl/m/n/9 T. Bansal, J. Pachocki, S. Sidor, I. Sutskever, and
 []


Underfull \hbox (badness 3930) in paragraph at lines 65--68
\OT1/ppl/m/n/9 I. Mordatch, ``Emergent complexity via multi-agent
 []


Underfull \hbox (badness 3826) in paragraph at lines 75--78
[]\OT1/ppl/m/n/9 A. Tampuu, T. Matiisen, D. Kodelja, I. Kuzovkin,
 []

[3]
Underfull \hbox (badness 2221) in paragraph at lines 85--87
[]\OT1/ppl/m/n/9 S. Sukhbaatar, A. Szlam, and R. Fergus, ``Learning
 []


Underfull \hbox (badness 4832) in paragraph at lines 89--92
[]\OT1/ppl/m/n/9 J. N. Foerster, Y. M. Assael, N. de Freitas, and
 []


Underfull \hbox (badness 10000) in paragraph at lines 99--102
\OT1/ppl/m/n/9 I. Mordatch, ``Multi-agent actor-critic for mixed
 []


Underfull \hbox (badness 10000) in paragraph at lines 99--102
\OT1/ppl/m/n/9 cooperative-competitive environments,'' \OT1/ppl/m/it/9 CoRR\OT1
/ppl/m/n/9 ,
 []


Underfull \hbox (badness 1859) in paragraph at lines 104--107
\OT1/ppl/m/n/9 and S. Whiteson, ``Counterfactual multi-agent policy
 []


Underfull \hbox (badness 2717) in paragraph at lines 114--117
[]\OT1/ppl/m/n/9 R. Raileanu, E. Denton, A. Szlam, and R. Fergus,
 []


Underfull \hbox (badness 10000) in paragraph at lines 114--117
\OT1/ppl/m/n/9 ``Modeling others using oneself in multi-agent
 []


Underfull \hbox (badness 5548) in paragraph at lines 114--117
\OT1/ppl/m/n/9 reinforcement learning,'' \OT1/ppl/m/it/9 CoRR\OT1/ppl/m/n/9 , v
ol. abs/1802.09640,
 []

) [4

] (report.aux) ) 
Here is how much of TeX's memory you used:
 2281 strings out of 494865
 32279 string characters out of 3178605
 92437 words of memory out of 3000000
 5892 multiletter control sequences out of 15000+200000
 54155 words of font info for 139 fonts, out of 3000000 for 9000
 0 hyphenation exceptions out of 8191
 28i,7n,27p,944b,279s stack positions out of 5000i,500n,10000p,200000b,50000s
{/usr/local/share/miktex-texmf/fonts/enc/dvips/base/8r.enc}</us
r/local/share/miktex-texmf/fonts/type1/public/amsfonts/cm/cmex10.pfb></usr/loca
l/share/miktex-texmf/fonts/type1/public/amsfonts/cm/cmmi10.pfb></usr/local/shar
e/miktex-texmf/fonts/type1/public/amsfonts/cm/cmmi8.pfb></usr/local/share/mikte
x-texmf/fonts/type1/public/amsfonts/cm/cmmib10.pfb></usr/local/share/miktex-tex
mf/fonts/type1/public/amsfonts/cm/cmr10.pfb></usr/local/share/miktex-texmf/font
s/type1/public/amsfonts/cm/cmr8.pfb></usr/local/share/miktex-texmf/fonts/type1/
public/amsfonts/cm/cmsy10.pfb></usr/local/share/miktex-texmf/fonts/type1/public
/amsfonts/cm/cmsy8.pfb></usr/local/share/miktex-texmf/fonts/type1/public/amsfon
ts/cm/cmsy9.pfb></usr/local/share/miktex-texmf/fonts/type1/public/amsfonts/eule
r/eusb10.pfb></usr/local/share/miktex-texmf/fonts/type1/public/amsfonts/euler/e
usm10.pfb></usr/local/share/miktex-texmf/fonts/type1/public/amsfonts/symbols/ms
bm10.pfb></usr/local/share/miktex-texmf/fonts/type1/urw/helvetic/uhvb8a.pfb></u
sr/local/share/miktex-texmf/fonts/type1/urw/helvetic/uhvr8a.pfb></usr/local/sha
re/miktex-texmf/fonts/type1/urw/palatino/uplr8a.pfb></usr/local/share/miktex-te
xmf/fonts/type1/urw/palatino/uplri8a.pfb></usr/local/share/miktex-texmf/fonts/t
ype1/urw/zapfding/uzdr.pfb>
Output written on report.pdf (4 pages, 173237 bytes).
PDF statistics:
 84 PDF objects out of 1000 (max. 8388607)
 0 named destinations out of 1000 (max. 500000)
 1 words of extra memory for PDF output out of 10000 (max. 10000000)

